<?xml version="1.0" encoding="UTF-8"?>
<!-- Generated by org.testng.reporters.JUnitReportReporter -->
<testsuite hostname="JINSHA" failures="0" tests="1" name="testScript.ManageCategoryTest" time="9.008" errors="0" timestamp="2025-05-02T13:02:10 IST" skipped="0">
  <testcase classname="testScript.ManageCategoryTest" name="verifyTheUserISAbleToAddNewCategory" time="9.008"/>
</testsuite> <!-- testScript.ManageCategoryTest -->
