<?xml version="1.0" encoding="UTF-8"?>
<!-- Generated by org.testng.reporters.JUnitReportReporter -->
<testsuite hostname="JINSHA" failures="0" tests="4" name="testScript.LoginTest" time="9.250" errors="0" timestamp="2025-05-06T14:11:29 IST" skipped="0">
  <testcase classname="testScript.LoginTest" name="verifyTheUserIsAbleTologinUsingValidCredentials" time="2.345"/>
  <testcase classname="testScript.LoginTest" name="verifyTheUserIsAbleTologinUsingInvalidUsernameAndInvalidPassword" time="2.309"/>
  <testcase classname="testScript.LoginTest" name="verifyTheUserIsAbleTologinUsingValidUsernameAndInvalidPassword" time="2.451"/>
  <testcase classname="testScript.LoginTest" name="verifyTheUserIsAbleTologinUsingInvalidUsernameAndValidPassword" time="2.145"/>
</testsuite> <!-- testScript.LoginTest -->
