<?xml version="1.0" encoding="UTF-8"?>
<!-- Generated by org.testng.reporters.JUnitReportReporter -->
<testsuite hostname="JINSHA" failures="0" tests="1" name="testScript.ManageContactTest" time="4.851" errors="0" timestamp="2025-05-06T14:11:29 IST" skipped="0">
  <testcase classname="testScript.ManageContactTest" name="verifyTheUserIsAbleToUpdateContact" time="4.851"/>
</testsuite> <!-- testScript.ManageContactTest -->
