<?xml version="1.0" encoding="UTF-8"?>
<!-- Generated by org.testng.reporters.JUnitReportReporter -->
<testsuite hostname="JINSHA" failures="0" tests="1" name="testScript.ManageCategoryTest" time="6.984" errors="0" timestamp="2025-05-06T14:11:29 IST" skipped="0">
  <testcase classname="testScript.ManageCategoryTest" name="verifyTheUserISAbleToAddNewCategory" time="6.984"/>
</testsuite> <!-- testScript.ManageCategoryTest -->
