<?xml version="1.0" encoding="UTF-8"?>
<!-- Generated by org.testng.reporters.JUnitReportReporter -->
<testsuite hostname="JINSHA" failures="0" tests="2" name="testScript.SubCategoryTest" time="15.536" errors="0" timestamp="2025-05-02T13:02:10 IST" skipped="0">
  <testcase classname="testScript.SubCategoryTest" name="verifyTheUserIsAbleToUpdateSubCategory" time="8.052"/>
  <testcase classname="testScript.SubCategoryTest" name="verifyTheUserIsAbleToAddNewSubCategory" time="7.484"/>
</testsuite> <!-- testScript.SubCategoryTest -->
