<?xml version="1.0" encoding="UTF-8"?>
<!-- Generated by org.testng.reporters.JUnitReportReporter -->
<testsuite hostname="JINSHA" failures="0" tests="4" name="testScript.LoginTest" time="8.595" errors="0" timestamp="2025-05-01T19:53:38 IST" skipped="0">
  <testcase classname="testScript.LoginTest" name="verifyTheUserIsAbleTologinUsingInvalidUsernameAndInvalidPassword" time="2.156"/>
  <testcase classname="testScript.LoginTest" name="verifyTheUserIsAbleTologinUsingValidUsernameAndInvalidPassword" time="2.123"/>
  <testcase classname="testScript.LoginTest" name="verifyTheUserIsAbleTologinUsingValidCredentials" time="2.163"/>
  <testcase classname="testScript.LoginTest" name="verifyTheUserIsAbleTologinUsingInvalidUsernameAndValidPassword" time="2.153"/>
</testsuite> <!-- testScript.LoginTest -->
