<?xml version="1.0" encoding="UTF-8"?>
<!-- Generated by org.testng.reporters.JUnitReportReporter -->
<testsuite hostname="JINSHA" failures="0" tests="4" name="testScript.LoginTest" time="8.854" errors="0" timestamp="2025-04-29T10:55:48 IST" skipped="0">
  <testcase classname="testScript.LoginTest" name="verifyTheUserIsAbleTologinUsingInvalidUsernameAndInvalidPassword" time="2.086"/>
  <testcase classname="testScript.LoginTest" name="verifyTheUserIsAbleTologinUsingValidCredentials" time="2.265"/>
  <testcase classname="testScript.LoginTest" name="verifyTheUserIsAbleTologinUsingInvalidUsernameAndValidPassword" time="2.349"/>
  <testcase classname="testScript.LoginTest" name="verifyTheUserIsAbleTologinUsingValidUsernameAndInvalidPassword" time="2.154"/>
</testsuite> <!-- testScript.LoginTest -->
