<?xml version="1.0" encoding="UTF-8"?>
<!-- Generated by org.testng.reporters.JUnitReportReporter -->
<testsuite hostname="JINSHA" failures="0" tests="2" name="testScript.SubCategoryTest" time="14.456" errors="0" timestamp="2025-05-06T12:27:25 IST" skipped="0">
  <testcase classname="testScript.SubCategoryTest" name="verifyTheUserIsAbleToUpdateSubCategory" time="6.527"/>
  <testcase classname="testScript.SubCategoryTest" name="verifyTheUserIsAbleToAddNewSubCategory" time="7.929"/>
</testsuite> <!-- testScript.SubCategoryTest -->
