<?xml version="1.0" encoding="UTF-8"?>
<!-- Generated by org.testng.reporters.JUnitReportReporter -->
<testsuite hostname="JINSHA" failures="0" tests="1" name="testScript.AdminUsersTest" time="3.547" errors="0" timestamp="2025-04-28T21:23:25 IST" skipped="0">
  <testcase classname="testScript.AdminUsersTest" name="verifyUserIsAbleToAddUsers" time="3.547"/>
</testsuite> <!-- testScript.AdminUsersTest -->
