<?xml version="1.0" encoding="UTF-8"?>
<!-- Generated by org.testng.reporters.JUnitReportReporter -->
<testsuite hostname="JINSHA" failures="0" tests="1" name="testScript.LogoutTest" time="3.541" errors="0" timestamp="2025-05-06T15:24:34 IST" skipped="0">
  <testcase classname="testScript.LogoutTest" name="verifyTheUserIsAbleToLogout" time="3.541"/>
</testsuite> <!-- testScript.LogoutTest -->
