<?xml version="1.0" encoding="UTF-8"?>
<!-- Generated by org.testng.reporters.JUnitReportReporter -->
<testsuite hostname="JINSHA" failures="0" tests="2" name="testScript.ManageFooterTextTest" time="9.085" errors="0" timestamp="2025-05-06T15:24:34 IST" skipped="0">
  <testcase classname="testScript.ManageFooterTextTest" name="verifyTheUserIsAbleToUpdateFooterText" time="4.992"/>
  <testcase classname="testScript.ManageFooterTextTest" name="verifyTheUpdateButtonIsDisplayed" time="4.093"/>
</testsuite> <!-- testScript.ManageFooterTextTest -->
