<?xml version="1.0" encoding="UTF-8"?>
<!-- Generated by org.testng.reporters.JUnitReportReporter -->
<testsuite hostname="JINSHA" failures="0" tests="2" name="testScript.ManageFooterTextTest" time="11.682" errors="0" timestamp="2025-05-01T19:53:38 IST" skipped="0">
  <testcase classname="testScript.ManageFooterTextTest" name="verifyTheUpdateButtonIsDisplayed" time="3.278"/>
  <testcase classname="testScript.ManageFooterTextTest" name="verifyTheUserIsAbleToUpdateFooterText" time="8.404"/>
</testsuite> <!-- testScript.ManageFooterTextTest -->
