<?xml version="1.0" encoding="UTF-8"?>
<!-- Generated by org.testng.reporters.JUnitReportReporter -->
<testsuite hostname="JINSHA" failures="0" tests="1" name="testScript.ManageNewsTest" time="3.677" errors="0" timestamp="2025-04-28T21:23:25 IST" skipped="0">
  <testcase classname="testScript.ManageNewsTest" name="verifyTheUserIsAbleToAddNews" time="3.677"/>
</testsuite> <!-- testScript.ManageNewsTest -->
