<?xml version="1.0" encoding="UTF-8"?>
<!-- Generated by org.testng.reporters.JUnitReportReporter -->
<testsuite hostname="JINSHA" failures="0" tests="1" name="testScript.AdminUsersTest" time="3.910" errors="0" timestamp="2025-05-06T14:11:29 IST" skipped="0">
  <testcase classname="testScript.AdminUsersTest" name="verifyUserIsAbleToAddUsers" time="3.910"/>
</testsuite> <!-- testScript.AdminUsersTest -->
