<?xml version="1.0" encoding="UTF-8"?>
<!-- Generated by org.testng.reporters.JUnitReportReporter -->
<testsuite hostname="JINSHA" failures="0" tests="2" name="testScript.SubCategoryTest" time="15.453" errors="0" timestamp="2025-05-01T19:53:38 IST" skipped="0">
  <testcase classname="testScript.SubCategoryTest" name="verifyTheUserIsAbleToUpdateSubCategory" time="7.888"/>
  <testcase classname="testScript.SubCategoryTest" name="verifyTheUserIsAbleToAddNewSubCategory" time="7.565"/>
</testsuite> <!-- testScript.SubCategoryTest -->
