<?xml version="1.0" encoding="UTF-8"?>
<!-- Generated by org.testng.reporters.JUnitReportReporter -->
<testsuite hostname="JINSHA" failures="0" tests="1" name="testScript.LogoutTest" time="4.208" errors="0" timestamp="2025-04-29T10:55:48 IST" skipped="0">
  <testcase classname="testScript.LogoutTest" name="verifyTheUserIsAbleToLogout" time="4.208"/>
</testsuite> <!-- testScript.LogoutTest -->
