<?xml version="1.0" encoding="UTF-8"?>
<!-- Generated by org.testng.reporters.JUnitReportReporter -->
<testsuite hostname="JINSHA" failures="0" tests="2" name="testScript.ManageFooterTextTest" time="11.407" errors="0" timestamp="2025-05-05T10:56:20 IST" skipped="0">
  <testcase classname="testScript.ManageFooterTextTest" name="verifyTheUpdateButtonIsDisplayed" time="4.405"/>
  <testcase classname="testScript.ManageFooterTextTest" name="verifyTheUserIsAbleToUpdateFooterText" time="7.002"/>
</testsuite> <!-- testScript.ManageFooterTextTest -->
