<?xml version="1.0" encoding="UTF-8"?>
<!-- Generated by org.testng.reporters.JUnitReportReporter -->
<testsuite hostname="JINSHA" failures="0" tests="1" name="testScript.ManageContactTest" time="3.742" errors="0" timestamp="2025-05-02T13:02:10 IST" skipped="0">
  <testcase classname="testScript.ManageContactTest" name="verifyTheUserIsAbleToUpdateContact" time="3.742"/>
</testsuite> <!-- testScript.ManageContactTest -->
