<?xml version="1.0" encoding="UTF-8"?>
<!-- Generated by org.testng.reporters.JUnitReportReporter -->
<testsuite hostname="JINSHA" failures="0" tests="2" name="testScript.SubCategoryTest" time="17.726" errors="0" timestamp="2025-05-06T15:24:34 IST" skipped="0">
  <testcase classname="testScript.SubCategoryTest" name="verifyTheUserIsAbleToUpdateSubCategory" time="10.196"/>
  <testcase classname="testScript.SubCategoryTest" name="verifyTheUserIsAbleToAddNewSubCategory" time="7.530"/>
</testsuite> <!-- testScript.SubCategoryTest -->
