<?xml version="1.0" encoding="UTF-8"?>
<!-- Generated by org.testng.reporters.JUnitReportReporter -->
<testsuite hostname="JINSHA" failures="0" tests="1" name="testScript.ManageCategoryTest" time="8.549" errors="0" timestamp="2025-05-01T19:53:38 IST" skipped="0">
  <testcase classname="testScript.ManageCategoryTest" name="verifyTheUserISAbleToAddNewCategory" time="8.549"/>
</testsuite> <!-- testScript.ManageCategoryTest -->
