<?xml version="1.0" encoding="UTF-8"?>
<!-- Generated by org.testng.reporters.JUnitReportReporter -->
<testsuite hostname="JINSHA" failures="0" tests="2" name="testScript.SubCategoryTest" time="15.202" errors="0" timestamp="2025-05-05T10:56:20 IST" skipped="0">
  <testcase classname="testScript.SubCategoryTest" name="verifyTheUserIsAbleToAddNewSubCategory" time="7.439"/>
  <testcase classname="testScript.SubCategoryTest" name="verifyTheUserIsAbleToUpdateSubCategory" time="7.763"/>
</testsuite> <!-- testScript.SubCategoryTest -->
